<?xml version="1.0" encoding="UTF-8"?>
<!-- Generated by org.testng.reporters.JUnitXMLReporter -->
<testsuite hostname="chethan-Latitude-3490" ignored="2" name="group test anme" tests="1" failures="0" timestamp="2020-09-19T22:45:28 IST" time="0.036" errors="0">
  <testcase name="test_2" time="0.007" classname="TestNGRelated.Test1"/>
  <testcase name="test_3" time="0.0" classname="TestNGRelated.Test1">
    <ignored/>
  </testcase> <!-- test_3 -->
  <testcase name="test_1" time="0.0" classname="TestNGRelated.Test1">
    <ignored/>
  </testcase> <!-- test_1 -->
</testsuite> <!-- group test anme -->
