<?xml version="1.0" encoding="UTF-8"?>
<testng-results skipped="0" failed="0" ignored="2" total="3" passed="1">
  <reporter-output>
  </reporter-output>
  <suite name="group related scenarios" duration-ms="36" started-at="2020-09-19T22:45:28 IST" finished-at="2020-09-19T22:45:28 IST">
    <groups>
      <group name="FuntionTest">
        <method signature="Test1.test_2()[pri:0, instance:TestNGRelated.Test1@3fd7a715]" name="test_2" class="TestNGRelated.Test1"/>
      </group> <!-- FuntionTest -->
    </groups>
    <test name="group test anme" duration-ms="36" started-at="2020-09-19T22:45:28 IST" finished-at="2020-09-19T22:45:28 IST">
      <class name="TestNGRelated.Test1">
        <test-method status="PASS" signature="test_2()[pri:0, instance:TestNGRelated.Test1@3fd7a715]" name="test_2" duration-ms="7" started-at="2020-09-19T22:45:28 IST" finished-at="2020-09-19T22:45:28 IST">
          <reporter-output>
          </reporter-output>
        </test-method> <!-- test_2 -->
      </class> <!-- TestNGRelated.Test1 -->
    </test> <!-- group test anme -->
  </suite> <!-- group related scenarios -->
</testng-results>
