<?xml version="1.0" encoding="UTF-8"?>
<!-- Generated by org.testng.reporters.JUnitXMLReporter -->
<testsuite hostname="chethan-Latitude-3490" ignored="3" name="Test2" tests="3" failures="0" timestamp="2020-07-23T11:43:02 IST" time="0.05" errors="0">
  <testcase name="testing2" time="0.008" classname="TestNGRelated.Test1"/>
  <testcase name="placeMethod" time="0.0" classname="TestNGRelated.Test1"/>
  <testcase name="chethanSwaroop" time="0.002" classname="TestNGRelated.Test2"/>
  <testcase name="testing1" time="0.0" classname="TestNGRelated.Test1">
    <ignored/>
  </testcase> <!-- testing1 -->
  <testcase name="asha" time="0.0" classname="TestNGRelated.Test2">
    <ignored/>
  </testcase> <!-- asha -->
  <testcase name="chethan" time="0.0" classname="TestNGRelated.Test2">
    <ignored/>
  </testcase> <!-- chethan -->
</testsuite> <!-- Test2 -->
