<?xml version="1.0" encoding="UTF-8"?>
<!-- Generated by org.testng.reporters.JUnitXMLReporter -->
<testsuite hostname="chethan-Latitude-3490" ignored="0" name="Default test" tests="3" failures="0" timestamp="2020-09-18T23:08:02 IST" time="4.376" errors="0">
  <testcase name="selecDown" time="0.012" classname="com.test.pom.SelectDropdownOption"/>
  <testcase name="selecUp" time="0.003" classname="com.test.pom.SelectDropdownOption"/>
  <testcase name="selectDropDown" time="0.141" classname="com.test.pom.SelectDropdownOption"/>
</testsuite> <!-- Default test -->
