<?xml version="1.0" encoding="UTF-8"?>
<!-- Generated by org.testng.reporters.JUnitXMLReporter -->
<testsuite hostname="chethan-Latitude-3490" ignored="0" name="Test1365" tests="6" failures="0" timestamp="2020-07-23T11:48:42 IST" time="0.011" errors="0">
  <testcase name="testing2" time="0.0" classname="TestNGRelated.Test1"/>
  <testcase name="placeMethod" time="0.0" classname="TestNGRelated.Test1"/>
  <testcase name="testing1" time="0.001" classname="TestNGRelated.Test1"/>
  <testcase name="asha" time="0.001" classname="TestNGRelated.Test2"/>
  <testcase name="chethan" time="0.001" classname="TestNGRelated.Test2"/>
  <testcase name="chethanSwaroop" time="0.0" classname="TestNGRelated.Test2"/>
</testsuite> <!-- Test1365 -->
