<?xml version="1.0" encoding="UTF-8"?>
<!-- Generated by org.testng.reporters.JUnitXMLReporter -->
<testsuite hostname="chethan-Latitude-3490" ignored="1" name="include and exclude of methods inside classes" tests="2" failures="0" timestamp="2020-09-19T22:04:55 IST" time="0.007" errors="0">
  <testcase name="test_2" time="0.001" classname="TestNGRelated.Test1"/>
  <testcase name="test_3" time="0.0" classname="TestNGRelated.Test1"/>
  <testcase name="test_1" time="0.0" classname="TestNGRelated.Test1">
    <ignored/>
  </testcase> <!-- test_1 -->
</testsuite> <!-- include and exclude of methods inside classes -->
