<?xml version="1.0" encoding="UTF-8"?>
<!-- Generated by org.testng.reporters.JUnitXMLReporter -->
<testsuite hostname="chethan-Latitude-3490" ignored="2" name="test:group of groups" tests="4" failures="0" timestamp="2020-09-19T22:44:48 IST" time="0.046" errors="0">
  <testcase name="test_1" time="0.008" classname="TestNGRelated.Test1"/>
  <testcase name="test_2" time="0.002" classname="TestNGRelated.Test1"/>
  <testcase name="test_3" time="0.001" classname="TestNGRelated.Test1"/>
  <testcase name="test3" time="0.001" classname="TestNGRelated.Test2"/>
  <testcase name="test1" time="0.0" classname="TestNGRelated.Test2">
    <ignored/>
  </testcase> <!-- test1 -->
  <testcase name="test2" time="0.0" classname="TestNGRelated.Test2">
    <ignored/>
  </testcase> <!-- test2 -->
</testsuite> <!-- test:group of groups -->
